Arguments: 
  C:\Program Files\nodejs\node.exe C:\Users\AB)DE3\AppData\Roaming\npm\node_modules\yarn\bin\yarn.js

PATH: 
  C:\Program Files\Microsoft\jdk-11.0.16.101-hotspot\bin;C:\WINDOWS\system32;C:\WINDOWS;C:\WINDOWS\System32\Wbem;C:\WINDOWS\System32\WindowsPowerShell\v1.0\;C:\WINDOWS\System32\OpenSSH\;C:\ProgramData\chocolatey\bin;C:\Program Files\Git\cmd;C:\Program Files\nodejs\;C:\Users\AB)DE3\AppData\Local\Microsoft\WindowsApps;C:\Users\AB)DE3\AppData\Local\Programs\Microsoft VS Code\bin;C:\Users\AB)DE3\AppData\Local\GitHubDesktop\bin;C:\Windows\System32;C:\Users\AB)DE3\AppData\Roaming\npm

Yarn version: 
  1.22.19

Node version: 
  18.16.0

Platform: 
  win32 x64

Trace: 
  Error: read ECONNRESET
      at TLSWrap.onStreamRead (node:internal/stream_base_commons:217:20)

npm manifest: 
  {
    "name": "coursereg",
    "version": "1.0.0",
    "description": "",
    "main": "index.js",
    "scripts": {
      "test": "echo \"Error: no test specified\" && exit 1",
      "start": "node server.js",
      "dev":"nodemon server.js"
    },
    "author": "",
    "license": "ISC",
    "dependencies": {
      "@prisma/client": "^4.15.0",
      "body-parser": "^1.20.2",
      "express": "^4.18.2",
      "nodemon": "^2.0.22",
      "prisma": "^4.15.0"
    }
  }

yarn manifest: 
  No manifest

Lockfile: 
  No lockfile
